<?xml version="1.0" encoding="UTF-8"?>
<!-- Generated by org.testng.reporters.JUnitReportReporter -->
<testsuite hostname="DESKTOP-3RHQS1L" failures="0" tests="1" name="amazon" time="34.137" errors="0" timestamp="2024-08-09T08:12:54 IST" skipped="0">
  <testcase classname="amazon" name="main" time="34.137"/>
</testsuite> <!-- amazon -->
