<?xml version="1.0" encoding="UTF-8"?>
<!-- Generated by org.testng.reporters.JUnitReportReporter -->
<testsuite hostname="DESKTOP-3RHQS1L" failures="0" tests="1" name="websitesPractice.iccRankings" time="8.722" errors="0" timestamp="2024-08-18T14:01:50 IST" skipped="0">
  <testcase classname="websitesPractice.iccRankings" name="findRank" time="8.722"/>
</testsuite> <!-- websitesPractice.iccRankings -->
