<?xml version="1.0" encoding="UTF-8"?>
<!-- Generated by org.testng.reporters.JUnitReportReporter -->
<testsuite hostname="DESKTOP-3RHQS1L" failures="0" tests="1" name="websitesPractice.JavascriptExecutorPractice" time="12.885" errors="0" timestamp="2024-08-18T16:25:25 IST" skipped="0">
  <testcase classname="websitesPractice.JavascriptExecutorPractice" name="allJavaScriptExecutor" time="12.885"/>
</testsuite> <!-- websitesPractice.JavascriptExecutorPractice -->
