<?xml version="1.0" encoding="UTF-8"?>
<!-- Generated by org.testng.reporters.JUnitReportReporter -->
<testsuite hostname="DESKTOP-3RHQS1L" failures="0" tests="1" name="websitesPractice.Amazon_getPriceOfAMobile" time="26.173" errors="0" timestamp="2024-08-18T12:09:56 IST" skipped="0">
  <testcase classname="websitesPractice.Amazon_getPriceOfAMobile" name="getPriceOfAMobile" time="26.173"/>
</testsuite> <!-- websitesPractice.Amazon_getPriceOfAMobile -->
