<?xml version="1.0" encoding="UTF-8"?>
<!-- Generated by org.testng.reporters.JUnitReportReporter -->
<testsuite hostname="DESKTOP-3RHQS1L" failures="0" tests="1" name="SeleniumGRID.GRIDChrome" time="4.982" errors="0" timestamp="2024-08-20T13:19:21 IST" skipped="0">
  <testcase classname="SeleniumGRID.GRIDChrome" name="chrome" time="4.982"/>
</testsuite> <!-- SeleniumGRID.GRIDChrome -->
