<?xml version="1.0" encoding="UTF-8"?>
<!-- Generated by org.testng.reporters.JUnitReportReporter -->
<testsuite hostname="DESKTOP-3RHQS1L" failures="0" tests="2" name="websitesPractice.GRIDPractice" time="9.462" errors="0" timestamp="2024-08-20T13:07:08 IST" skipped="0">
  <testcase classname="websitesPractice.GRIDPractice" name="chrome" time="5.230"/>
  <testcase classname="websitesPractice.GRIDPractice" name="edge" time="4.232"/>
</testsuite> <!-- websitesPractice.GRIDPractice -->
