<?xml version="1.0" encoding="UTF-8"?>
<!-- Generated by org.testng.reporters.JUnitReportReporter -->
<testsuite hostname="DESKTOP-3RHQS1L" failures="0" tests="1" name="websitesPractice.w3cSchoolWebTable" time="8.158" errors="0" timestamp="2024-08-09T19:28:59 IST" skipped="0">
  <testcase classname="websitesPractice.w3cSchoolWebTable" name="samsung" time="8.158"/>
</testsuite> <!-- websitesPractice.w3cSchoolWebTable -->
