<?xml version="1.0" encoding="UTF-8"?>
<!-- Generated by org.testng.reporters.JUnitReportReporter -->
<testsuite hostname="DESKTOP-3RHQS1L" failures="0" tests="1" name="samsungNames" time="11.950" errors="0" timestamp="2024-08-09T08:23:33 IST" skipped="0">
  <testcase classname="samsungNames" name="samsung" time="11.950"/>
</testsuite> <!-- samsungNames -->
