<?xml version="1.0" encoding="UTF-8"?>
<!-- Generated by org.testng.reporters.JUnitReportReporter -->
<testsuite hostname="DESKTOP-3RHQS1L" failures="0" tests="4" name="HeadlessExecution.Headless_HtmUnitDriver" time="69.804" errors="0" timestamp="2024-09-01T21:43:12 IST" skipped="0">
  <testcase classname="HeadlessExecution.Headless_HtmUnitDriver" name="mtd2" time="9.555"/>
  <testcase classname="HeadlessExecution.Headless_HtmUnitDriver" name="mtd3" time="2.467"/>
  <testcase classname="HeadlessExecution.Headless_HtmUnitDriver" name="mtd4" time="6.991"/>
  <testcase classname="HeadlessExecution.Headless_HtmUnitDriver" name="mtd1" time="50.791"/>
</testsuite> <!-- HeadlessExecution.Headless_HtmUnitDriver -->
