<?xml version="1.0" encoding="UTF-8"?>
<!-- Generated by org.testng.reporters.JUnitReportReporter -->
<testsuite hostname="DESKTOP-3RHQS1L" failures="0" tests="1" name="websitesPractice.googleList_SONY" time="10.697" errors="0" timestamp="2024-08-30T15:30:02 IST" skipped="0">
  <testcase classname="websitesPractice.googleList_SONY" name="mtd" time="10.697"/>
</testsuite> <!-- websitesPractice.googleList_SONY -->
